{"total": {"lines":{"total":187,"covered":137,"skipped":0,"pct":73.26},"statements":{"total":187,"covered":137,"skipped":0,"pct":73.26},"functions":{"total":13,"covered":5,"skipped":0,"pct":38.46},"branches":{"total":17,"covered":15,"skipped":0,"pct":88.23},"branchesTrue":{"total":0,"covered":0,"skipped":0,"pct":100}}
,"/home/runner/work/CloudNativeHW3/CloudNativeHW3/backend/src/index.ts": {"lines":{"total":21,"covered":0,"skipped":0,"pct":0},"functions":{"total":1,"covered":0,"skipped":0,"pct":0},"statements":{"total":21,"covered":0,"skipped":0,"pct":0},"branches":{"total":1,"covered":0,"skipped":0,"pct":0}}
,"/home/runner/work/CloudNativeHW3/CloudNativeHW3/backend/src/server.ts": {"lines":{"total":27,"covered":19,"skipped":0,"pct":70.37},"functions":{"total":2,"covered":1,"skipped":0,"pct":50},"statements":{"total":27,"covered":19,"skipped":0,"pct":70.37},"branches":{"total":2,"covered":2,"skipped":0,"pct":100}}
,"/home/runner/work/CloudNativeHW3/CloudNativeHW3/backend/src/models/todo.ts": {"lines":{"total":30,"covered":30,"skipped":0,"pct":100},"functions":{"total":0,"covered":0,"skipped":0,"pct":100},"statements":{"total":30,"covered":30,"skipped":0,"pct":100},"branches":{"total":0,"covered":0,"skipped":0,"pct":100}}
,"/home/runner/work/CloudNativeHW3/CloudNativeHW3/backend/src/plugins/mongodb.ts": {"lines":{"total":3,"covered":3,"skipped":0,"pct":100},"functions":{"total":1,"covered":0,"skipped":0,"pct":0},"statements":{"total":3,"covered":3,"skipped":0,"pct":100},"branches":{"total":0,"covered":0,"skipped":0,"pct":100}}
,"/home/runner/work/CloudNativeHW3/CloudNativeHW3/backend/src/repo/todo.ts": {"lines":{"total":14,"covered":12,"skipped":0,"pct":85.71},"functions":{"total":4,"covered":0,"skipped":0,"pct":0},"statements":{"total":14,"covered":12,"skipped":0,"pct":85.71},"branches":{"total":0,"covered":0,"skipped":0,"pct":100}}
,"/home/runner/work/CloudNativeHW3/CloudNativeHW3/backend/src/routes/todo.ts": {"lines":{"total":67,"covered":51,"skipped":0,"pct":76.11},"functions":{"total":1,"covered":1,"skipped":0,"pct":100},"statements":{"total":67,"covered":51,"skipped":0,"pct":76.11},"branches":{"total":9,"covered":8,"skipped":0,"pct":88.88}}
,"/home/runner/work/CloudNativeHW3/CloudNativeHW3/backend/src/services/todo.ts": {"lines":{"total":25,"covered":22,"skipped":0,"pct":88},"functions":{"total":4,"covered":3,"skipped":0,"pct":75},"statements":{"total":25,"covered":22,"skipped":0,"pct":88},"branches":{"total":5,"covered":5,"skipped":0,"pct":100}}
}
